*** Starting uWSGI 2.0.15 (64bit) on [Fri Dec 15 11:51:39 2017] ***
compiled with version: 5.4.0 20160609 on 04 December 2017 15:41:40
os: Linux-4.10.0-42-generic #46~16.04.1-Ubuntu SMP Mon Dec 4 15:57:59 UTC 2017
nodename: ubuntu
machine: x86_64
clock source: unix
pcre jit disabled
detected number of CPU cores: 2
current working directory: /home/atguigu/zy/bookstore
writing pidfile to uwsgi.pid
detected binary path: /home/atguigu/.virtualenvs/py3/bin/uwsgi
chdir() to /home/atguigu/zy/bookstore
your processes number limit is 9616
your memory page size is 4096 bytes
detected max file descriptor number: 1024
lock engine: pthread robust mutexes
thunder lock: disabled (you can enable it with --thunder-lock)
uwsgi socket 0 bound to TCP address 127.0.0.1:9001 fd 3
Python version: 3.5.2 (default, Nov 23 2017, 16:37:01)  [GCC 5.4.0 20160609]
Set PythonHome to /home/atguigu/.virtualenvs/py3
Python main interpreter initialized at 0x26851b0
python threads support enabled
your server socket listen backlog is limited to 100 connections
your mercy for graceful operations on workers is 60 seconds
mapped 145536 bytes (142 KB) for 1 cores
*** Operational MODE: single process ***
unable to load app 0 (mountpoint='') (callable not found or import error)
failed to open python file boo2
unable to load app 0 (mountpoint='') (callable not found or import error)
*** no app loaded. going in full dynamic mode ***
*** uWSGI is running in multiple interpreter mode ***
spawned uWSGI master process (pid: 5321)
spawned uWSGI worker 1 (pid: 5322, cores: 1)
...gracefully killing workers...
Gracefully killing worker 1 (pid: 5322)...
worker 1 buried after 1 seconds
binary reloading uWSGI...
chdir() to /home/atguigu/zy/bookstore
closing all non-uwsgi socket fds > 2 (max_fd = 1024)...
found fd 3 mapped to socket 0 (127.0.0.1:9001)
running /home/atguigu/.virtualenvs/py3/bin/uwsgi
[uWSGI] getting INI configuration from uwsgi.ini
*** Starting uWSGI 2.0.15 (64bit) on [Fri Dec 15 12:00:22 2017] ***
compiled with version: 5.4.0 20160609 on 04 December 2017 15:41:40
os: Linux-4.10.0-42-generic #46~16.04.1-Ubuntu SMP Mon Dec 4 15:57:59 UTC 2017
nodename: ubuntu
machine: x86_64
clock source: unix
pcre jit disabled
detected number of CPU cores: 2
current working directory: /home/atguigu/zy/bookstore
detected binary path: /home/atguigu/.virtualenvs/py3/bin/uwsgi
chdir() to /home/atguigu/zy/bookstore
your processes number limit is 9616
your memory page size is 4096 bytes
detected max file descriptor number: 1024
lock engine: pthread robust mutexes
thunder lock: disabled (you can enable it with --thunder-lock)
probably another instance of uWSGI is running on the same address (127.0.0.1:8000).
bind(): Address already in use [core/socket.c line 769]
*** Starting uWSGI 2.0.15 (64bit) on [Fri Dec 15 12:02:06 2017] ***
compiled with version: 5.4.0 20160609 on 04 December 2017 15:41:40
os: Linux-4.10.0-42-generic #46~16.04.1-Ubuntu SMP Mon Dec 4 15:57:59 UTC 2017
nodename: ubuntu
machine: x86_64
clock source: unix
pcre jit disabled
detected number of CPU cores: 2
current working directory: /home/atguigu/zy/bookstore
writing pidfile to uwsgi.pid
detected binary path: /home/atguigu/.virtualenvs/py3/bin/uwsgi
chdir() to /home/atguigu/zy/bookstore
your processes number limit is 9616
your memory page size is 4096 bytes
detected max file descriptor number: 1024
lock engine: pthread robust mutexes
thunder lock: disabled (you can enable it with --thunder-lock)
uwsgi socket 0 bound to TCP address 127.0.0.1:8000 fd 3
Python version: 3.5.2 (default, Nov 23 2017, 16:37:01)  [GCC 5.4.0 20160609]
Set PythonHome to /home/atguigu/.virtualenvs/py3
Python main interpreter initialized at 0xc091b0
python threads support enabled
your server socket listen backlog is limited to 100 connections
your mercy for graceful operations on workers is 60 seconds
mapped 145536 bytes (142 KB) for 1 cores
*** Operational MODE: single process ***
unable to load app 0 (mountpoint='') (callable not found or import error)
failed to open python file boo2
unable to load app 0 (mountpoint='') (callable not found or import error)
*** no app loaded. going in full dynamic mode ***
*** uWSGI is running in multiple interpreter mode ***
spawned uWSGI master process (pid: 5508)
spawned uWSGI worker 1 (pid: 5509, cores: 1)
--- no python application found, check your startup logs for errors ---
[pid: 5509|app: -1|req: -1/1] 127.0.0.1 () {44 vars in 818 bytes} [Fri Dec 15 12:02:51 2017] GET / => generated 21 bytes in 0 msecs (HTTP/1.1 500) 2 headers in 83 bytes (0 switches on core 0)
--- no python application found, check your startup logs for errors ---
[pid: 5509|app: -1|req: -1/2] 127.0.0.1 () {44 vars in 818 bytes} [Fri Dec 15 12:03:52 2017] GET / => generated 21 bytes in 0 msecs (HTTP/1.1 500) 2 headers in 83 bytes (0 switches on core 0)
--- no python application found, check your startup logs for errors ---
[pid: 5509|app: -1|req: -1/3] 127.0.0.1 () {44 vars in 818 bytes} [Fri Dec 15 12:03:56 2017] GET / => generated 21 bytes in 0 msecs (HTTP/1.1 500) 2 headers in 83 bytes (0 switches on core 0)
--- no python application found, check your startup logs for errors ---
[pid: 5509|app: -1|req: -1/4] 127.0.0.1 () {44 vars in 818 bytes} [Fri Dec 15 12:05:28 2017] GET / => generated 21 bytes in 0 msecs (HTTP/1.1 500) 2 headers in 83 bytes (0 switches on core 0)
--- no python application found, check your startup logs for errors ---
[pid: 5509|app: -1|req: -1/5] 127.0.0.1 () {44 vars in 818 bytes} [Fri Dec 15 12:05:29 2017] GET / => generated 21 bytes in 0 msecs (HTTP/1.1 500) 2 headers in 83 bytes (0 switches on core 0)
--- no python application found, check your startup logs for errors ---
[pid: 5509|app: -1|req: -1/6] 127.0.0.1 () {44 vars in 818 bytes} [Fri Dec 15 12:05:29 2017] GET / => generated 21 bytes in 0 msecs (HTTP/1.1 500) 2 headers in 83 bytes (0 switches on core 0)
--- no python application found, check your startup logs for errors ---
[pid: 5509|app: -1|req: -1/7] 127.0.0.1 () {44 vars in 818 bytes} [Fri Dec 15 12:05:29 2017] GET / => generated 21 bytes in 0 msecs (HTTP/1.1 500) 2 headers in 83 bytes (0 switches on core 0)
--- no python application found, check your startup logs for errors ---
[pid: 5509|app: -1|req: -1/8] 127.0.0.1 () {44 vars in 818 bytes} [Fri Dec 15 12:05:30 2017] GET / => generated 21 bytes in 0 msecs (HTTP/1.1 500) 2 headers in 83 bytes (0 switches on core 0)
--- no python application found, check your startup logs for errors ---
[pid: 5509|app: -1|req: -1/9] 127.0.0.1 () {44 vars in 818 bytes} [Fri Dec 15 12:05:30 2017] GET / => generated 21 bytes in 0 msecs (HTTP/1.1 500) 2 headers in 83 bytes (0 switches on core 0)
--- no python application found, check your startup logs for errors ---
[pid: 5509|app: -1|req: -1/10] 127.0.0.1 () {44 vars in 818 bytes} [Fri Dec 15 13:51:44 2017] GET / => generated 21 bytes in 29 msecs (HTTP/1.1 500) 2 headers in 83 bytes (0 switches on core 0)
--- no python application found, check your startup logs for errors ---
[pid: 5509|app: -1|req: -1/11] 127.0.0.1 () {44 vars in 818 bytes} [Fri Dec 15 13:51:46 2017] GET / => generated 21 bytes in 0 msecs (HTTP/1.1 500) 2 headers in 83 bytes (0 switches on core 0)
--- no python application found, check your startup logs for errors ---
[pid: 5509|app: -1|req: -1/12] 127.0.0.1 () {44 vars in 818 bytes} [Fri Dec 15 13:55:59 2017] GET / => generated 21 bytes in 0 msecs (HTTP/1.1 500) 2 headers in 83 bytes (0 switches on core 0)
--- no python application found, check your startup logs for errors ---
[pid: 5509|app: -1|req: -1/13] 127.0.0.1 () {44 vars in 818 bytes} [Fri Dec 15 13:56:00 2017] GET / => generated 21 bytes in 0 msecs (HTTP/1.1 500) 2 headers in 83 bytes (0 switches on core 0)
--- no python application found, check your startup logs for errors ---
[pid: 5509|app: -1|req: -1/14] 127.0.0.1 () {44 vars in 818 bytes} [Fri Dec 15 13:58:46 2017] GET / => generated 21 bytes in 0 msecs (HTTP/1.1 500) 2 headers in 83 bytes (0 switches on core 0)
--- no python application found, check your startup logs for errors ---
[pid: 5509|app: -1|req: -1/15] 127.0.0.1 () {44 vars in 818 bytes} [Fri Dec 15 13:58:47 2017] GET / => generated 21 bytes in 0 msecs (HTTP/1.1 500) 2 headers in 83 bytes (0 switches on core 0)
--- no python application found, check your startup logs for errors ---
[pid: 5509|app: -1|req: -1/16] 127.0.0.1 () {44 vars in 818 bytes} [Fri Dec 15 13:58:48 2017] GET / => generated 21 bytes in 0 msecs (HTTP/1.1 500) 2 headers in 83 bytes (0 switches on core 0)
...gracefully killing workers...
Gracefully killing worker 1 (pid: 5509)...
worker 1 buried after 1 seconds
binary reloading uWSGI...
chdir() to /home/atguigu/zy/bookstore
closing all non-uwsgi socket fds > 2 (max_fd = 1024)...
found fd 3 mapped to socket 0 (127.0.0.1:8000)
running /home/atguigu/.virtualenvs/py3/bin/uwsgi
[uWSGI] getting INI configuration from uwsgi.ini
*** Starting uWSGI 2.0.15 (64bit) on [Fri Dec 15 13:59:13 2017] ***
compiled with version: 5.4.0 20160609 on 04 December 2017 15:41:40
os: Linux-4.10.0-42-generic #46~16.04.1-Ubuntu SMP Mon Dec 4 15:57:59 UTC 2017
nodename: ubuntu
machine: x86_64
clock source: unix
pcre jit disabled
detected number of CPU cores: 2
current working directory: /home/atguigu/zy/bookstore
detected binary path: /home/atguigu/.virtualenvs/py3/bin/uwsgi
chdir() to /home/atguigu/zy/bookstore
your processes number limit is 9616
your memory page size is 4096 bytes
detected max file descriptor number: 1024
lock engine: pthread robust mutexes
thunder lock: disabled (you can enable it with --thunder-lock)
uwsgi socket 0 inherited INET address 127.0.0.1:8000 fd 3
Python version: 3.5.2 (default, Nov 23 2017, 16:37:01)  [GCC 5.4.0 20160609]
Set PythonHome to /home/atguigu/.virtualenvs/py3
Python main interpreter initialized at 0x2650b50
python threads support enabled
your server socket listen backlog is limited to 100 connections
your mercy for graceful operations on workers is 60 seconds
mapped 363840 bytes (355 KB) for 4 cores
*** Operational MODE: preforking ***
unable to load app 0 (mountpoint='') (callable not found or import error)
failed to open python file bookstore/wsgi.py
unable to load app 0 (mountpoint='') (callable not found or import error)
*** no app loaded. going in full dynamic mode ***
*** uWSGI is running in multiple interpreter mode ***
gracefully (RE)spawned uWSGI master process (pid: 5508)
spawned uWSGI worker 1 (pid: 6070, cores: 1)
spawned uWSGI worker 2 (pid: 6071, cores: 1)
spawned uWSGI worker 3 (pid: 6072, cores: 1)
spawned uWSGI worker 4 (pid: 6073, cores: 1)
--- no python application found, check your startup logs for errors ---
[pid: 6073|app: -1|req: -1/1] 127.0.0.1 () {44 vars in 818 bytes} [Fri Dec 15 14:02:03 2017] GET / => generated 21 bytes in 0 msecs (HTTP/1.1 500) 2 headers in 83 bytes (0 switches on core 0)
--- no python application found, check your startup logs for errors ---
[pid: 6070|app: -1|req: -1/2] 127.0.0.1 () {44 vars in 818 bytes} [Fri Dec 15 14:02:04 2017] GET / => generated 21 bytes in 0 msecs (HTTP/1.1 500) 2 headers in 83 bytes (0 switches on core 0)
--- no python application found, check your startup logs for errors ---
[pid: 6070|app: -1|req: -1/3] 127.0.0.1 () {44 vars in 818 bytes} [Fri Dec 15 14:02:05 2017] GET / => generated 21 bytes in 0 msecs (HTTP/1.1 500) 2 headers in 83 bytes (0 switches on core 0)
--- no python application found, check your startup logs for errors ---
[pid: 6070|app: -1|req: -1/4] 127.0.0.1 () {44 vars in 818 bytes} [Fri Dec 15 14:02:06 2017] GET / => generated 21 bytes in 0 msecs (HTTP/1.1 500) 2 headers in 83 bytes (0 switches on core 0)
--- no python application found, check your startup logs for errors ---
[pid: 6070|app: -1|req: -1/5] 127.0.0.1 () {44 vars in 818 bytes} [Fri Dec 15 14:02:07 2017] GET / => generated 21 bytes in 0 msecs (HTTP/1.1 500) 2 headers in 83 bytes (0 switches on core 0)
--- no python application found, check your startup logs for errors ---
[pid: 6070|app: -1|req: -1/6] 127.0.0.1 () {44 vars in 818 bytes} [Fri Dec 15 14:02:07 2017] GET / => generated 21 bytes in 0 msecs (HTTP/1.1 500) 2 headers in 83 bytes (0 switches on core 0)
--- no python application found, check your startup logs for errors ---
[pid: 6073|app: -1|req: -1/7] 127.0.0.1 () {44 vars in 818 bytes} [Fri Dec 15 14:02:08 2017] GET / => generated 21 bytes in 0 msecs (HTTP/1.1 500) 2 headers in 83 bytes (0 switches on core 0)
--- no python application found, check your startup logs for errors ---
[pid: 6070|app: -1|req: -1/8] 127.0.0.1 () {44 vars in 818 bytes} [Fri Dec 15 14:02:08 2017] GET / => generated 21 bytes in 0 msecs (HTTP/1.1 500) 2 headers in 83 bytes (0 switches on core 0)
--- no python application found, check your startup logs for errors ---
[pid: 6070|app: -1|req: -1/9] 127.0.0.1 () {44 vars in 818 bytes} [Fri Dec 15 14:06:03 2017] GET / => generated 21 bytes in 0 msecs (HTTP/1.1 500) 2 headers in 83 bytes (0 switches on core 0)
--- no python application found, check your startup logs for errors ---
[pid: 6070|app: -1|req: -1/10] 127.0.0.1 () {44 vars in 818 bytes} [Fri Dec 15 14:06:04 2017] GET / => generated 21 bytes in 0 msecs (HTTP/1.1 500) 2 headers in 83 bytes (0 switches on core 0)
--- no python application found, check your startup logs for errors ---
[pid: 6073|app: -1|req: -1/11] 127.0.0.1 () {44 vars in 818 bytes} [Fri Dec 15 14:06:05 2017] GET / => generated 21 bytes in 0 msecs (HTTP/1.1 500) 2 headers in 83 bytes (0 switches on core 0)
--- no python application found, check your startup logs for errors ---
[pid: 6073|app: -1|req: -1/12] 127.0.0.1 () {44 vars in 818 bytes} [Fri Dec 15 14:06:06 2017] GET / => generated 21 bytes in 0 msecs (HTTP/1.1 500) 2 headers in 83 bytes (0 switches on core 0)
--- no python application found, check your startup logs for errors ---
[pid: 6070|app: -1|req: -1/13] 127.0.0.1 () {44 vars in 818 bytes} [Fri Dec 15 14:08:24 2017] GET / => generated 21 bytes in 0 msecs (HTTP/1.1 500) 2 headers in 83 bytes (0 switches on core 0)
Fri Dec 15 14:08:42 2017 - uWSGI worker 4 screams: UAAAAAAH my master disconnected: i will kill myself !!!
Fri Dec 15 14:08:42 2017 - uWSGI worker 1 screams: UAAAAAAH my master disconnected: i will kill myself !!!
Fri Dec 15 14:08:42 2017 - uWSGI worker 2 screams: UAAAAAAH my master disconnected: i will kill myself !!!
Fri Dec 15 14:08:42 2017 - uWSGI worker 3 screams: UAAAAAAH my master disconnected: i will kill myself !!!
*** Starting uWSGI 2.0.15 (64bit) on [Fri Dec 15 14:10:05 2017] ***
compiled with version: 5.4.0 20160609 on 04 December 2017 15:41:40
os: Linux-4.10.0-42-generic #46~16.04.1-Ubuntu SMP Mon Dec 4 15:57:59 UTC 2017
nodename: ubuntu
machine: x86_64
clock source: unix
pcre jit disabled
detected number of CPU cores: 2
current working directory: /home/atguigu/zy/bookstore
writing pidfile to uwsgi.pid
detected binary path: /home/atguigu/.virtualenvs/py3/bin/uwsgi
chdir() to /home/atguigu/zy/bookstore
your processes number limit is 9616
your memory page size is 4096 bytes
detected max file descriptor number: 65536
lock engine: pthread robust mutexes
thunder lock: disabled (you can enable it with --thunder-lock)
uwsgi socket 0 bound to TCP address 127.0.0.1:8000 fd 3
Python version: 3.5.2 (default, Nov 23 2017, 16:37:01)  [GCC 5.4.0 20160609]
Set PythonHome to /home/atguigu/.virtualenvs/py3
Python main interpreter initialized at 0xbb9320
python threads support enabled
your server socket listen backlog is limited to 100 connections
your mercy for graceful operations on workers is 60 seconds
mapped 415360 bytes (405 KB) for 8 cores
*** Operational MODE: preforking+threaded ***
unable to load app 0 (mountpoint='') (callable not found or import error)
failed to open python file bookstore/wsgi.py
unable to load app 0 (mountpoint='') (callable not found or import error)
*** no app loaded. going in full dynamic mode ***
*** uWSGI is running in multiple interpreter mode ***
spawned uWSGI master process (pid: 6206)
spawned uWSGI worker 1 (pid: 6210, cores: 2)
spawned uWSGI worker 2 (pid: 6211, cores: 2)
spawned uWSGI worker 3 (pid: 6212, cores: 2)
spawned uWSGI worker 4 (pid: 6213, cores: 2)
--- no python application found, check your startup logs for errors ---
[pid: 6212|app: -1|req: -1/1] 127.0.0.1 () {44 vars in 818 bytes} [Fri Dec 15 14:11:20 2017] GET / => generated 21 bytes in 0 msecs (HTTP/1.1 500) 2 headers in 83 bytes (0 switches on core 0)
--- no python application found, check your startup logs for errors ---
[pid: 6213|app: -1|req: -1/2] 127.0.0.1 () {44 vars in 818 bytes} [Fri Dec 15 14:11:21 2017] GET / => generated 21 bytes in 0 msecs (HTTP/1.1 500) 2 headers in 83 bytes (0 switches on core 0)
--- no python application found, check your startup logs for errors ---
[pid: 6210|app: -1|req: -1/3] 127.0.0.1 () {44 vars in 818 bytes} [Fri Dec 15 14:11:21 2017] GET / => generated 21 bytes in 0 msecs (HTTP/1.1 500) 2 headers in 83 bytes (0 switches on core 0)
--- no python application found, check your startup logs for errors ---
[pid: 6212|app: -1|req: -1/4] 127.0.0.1 () {44 vars in 818 bytes} [Fri Dec 15 14:11:21 2017] GET / => generated 21 bytes in 0 msecs (HTTP/1.1 500) 2 headers in 83 bytes (0 switches on core 0)
--- no python application found, check your startup logs for errors ---
[pid: 6210|app: -1|req: -1/5] 127.0.0.1 () {44 vars in 818 bytes} [Fri Dec 15 14:11:21 2017] GET / => generated 21 bytes in 0 msecs (HTTP/1.1 500) 2 headers in 83 bytes (0 switches on core 0)
--- no python application found, check your startup logs for errors ---
[pid: 6210|app: -1|req: -1/6] 127.0.0.1 () {44 vars in 818 bytes} [Fri Dec 15 14:11:22 2017] GET / => generated 21 bytes in 0 msecs (HTTP/1.1 500) 2 headers in 83 bytes (0 switches on core 0)
Fri Dec 15 14:13:00 2017 - uWSGI worker 4 screams: UAAAAAAH my master disconnected: i will kill myself !!!
Fri Dec 15 14:13:00 2017 - uWSGI worker 1 screams: UAAAAAAH my master disconnected: i will kill myself !!!
Fri Dec 15 14:13:00 2017 - uWSGI worker 3 screams: UAAAAAAH my master disconnected: i will kill myself !!!
Fri Dec 15 14:13:00 2017 - uWSGI worker 4 screams: UAAAAAAH my master disconnected: i will kill myself !!!
Fri Dec 15 14:13:00 2017 - uWSGI worker 1 screams: UAAAAAAH my master disconnected: i will kill myself !!!
Fri Dec 15 14:13:00 2017 - uWSGI worker 3 screams: UAAAAAAH my master disconnected: i will kill myself !!!
Fri Dec 15 14:13:00 2017 - uWSGI worker 2 screams: UAAAAAAH my master disconnected: i will kill myself !!!
Fri Dec 15 14:13:00 2017 - uWSGI worker 2 screams: UAAAAAAH my master disconnected: i will kill myself !!!
*** Starting uWSGI 2.0.15 (64bit) on [Fri Dec 15 14:13:07 2017] ***
compiled with version: 5.4.0 20160609 on 04 December 2017 15:41:40
os: Linux-4.10.0-42-generic #46~16.04.1-Ubuntu SMP Mon Dec 4 15:57:59 UTC 2017
nodename: ubuntu
machine: x86_64
clock source: unix
pcre jit disabled
detected number of CPU cores: 2
current working directory: /home/atguigu/zy/bookstore
writing pidfile to uwsgi.pid
detected binary path: /home/atguigu/.virtualenvs/py3/bin/uwsgi
chdir() to /home/atguigu/zy/bookstore
your processes number limit is 9616
your memory page size is 4096 bytes
detected max file descriptor number: 65536
lock engine: pthread robust mutexes
thunder lock: disabled (you can enable it with --thunder-lock)
uwsgi socket 0 bound to TCP address 127.0.0.1:8000 fd 3
Python version: 3.5.2 (default, Nov 23 2017, 16:37:01)  [GCC 5.4.0 20160609]
Set PythonHome to /home/atguigu/.virtualenvs/py3
Python main interpreter initialized at 0x1a3e320
python threads support enabled
your server socket listen backlog is limited to 100 connections
your mercy for graceful operations on workers is 60 seconds
mapped 415360 bytes (405 KB) for 8 cores
*** Operational MODE: preforking+threaded ***
unable to load app 0 (mountpoint='') (callable not found or import error)
WSGI app 0 (mountpoint='') ready in 1 seconds on interpreter 0x1a3e320 pid: 6326 (default app)
*** uWSGI is running in multiple interpreter mode ***
spawned uWSGI master process (pid: 6326)
spawned uWSGI worker 1 (pid: 6333, cores: 2)
spawned uWSGI worker 2 (pid: 6335, cores: 2)
spawned uWSGI worker 3 (pid: 6336, cores: 2)
spawned uWSGI worker 4 (pid: 6338, cores: 2)
[pid: 6336|app: 0|req: 1/1] 127.0.0.1 () {44 vars in 818 bytes} [Fri Dec 15 06:13:10 2017] GET / => generated 6613 bytes in 1300 msecs (HTTP/1.1 200) 3 headers in 102 bytes (1 switches on core 0)
[pid: 6336|app: 0|req: 2/2] 127.0.0.1 () {44 vars in 769 bytes} [Fri Dec 15 06:13:13 2017] GET /cart/count/ => generated 9145 bytes in 241 msecs (HTTP/1.1 500) 3 headers in 107 bytes (1 switches on core 1)
